  Chunk.cpp
C:\Users\pl70jwz\Desktop\minecraft-clone\src\world\Chunk.cpp(32,34): warning C4267:  '=' : conversion de 'size_t' en 'unsigned int', perte possible de données
C:\Users\pl70jwz\Desktop\minecraft-clone\src\world\Chunk.cpp(40,14): warning C4838:  la conversion de 'double' en 'float' requiert une conversion restrictive
C:\Users\pl70jwz\Desktop\minecraft-clone\src\world\Chunk.cpp(40,14): warning C4244:  'initialisation' : conversion de 'double' en 'float', perte possible de données
C:\Users\pl70jwz\Desktop\minecraft-clone\src\world\Chunk.cpp(40,32): warning C4838:  la conversion de 'double' en 'float' requiert une conversion restrictive
C:\Users\pl70jwz\Desktop\minecraft-clone\src\world\Chunk.cpp(40,32): warning C4244:  'initialisation' : conversion de 'double' en 'float', perte possible de données
C:\Users\pl70jwz\Desktop\minecraft-clone\src\world\Chunk.cpp(40,51): warning C4838:  la conversion de 'double' en 'float' requiert une conversion restrictive
C:\Users\pl70jwz\Desktop\minecraft-clone\src\world\Chunk.cpp(40,51): warning C4244:  'initialisation' : conversion de 'double' en 'float', perte possible de données
C:\Users\pl70jwz\Desktop\minecraft-clone\src\world\Chunk.cpp(86,2): warning C4305:  'initialisation' : troncation de 'double' à 'float'
C:\Users\pl70jwz\Desktop\minecraft-clone\src\world\Chunk.cpp(41,14): warning C4838:  la conversion de 'double' en 'float' requiert une conversion restrictive
C:\Users\pl70jwz\Desktop\minecraft-clone\src\world\Chunk.cpp(41,14): warning C4244:  'initialisation' : conversion de 'double' en 'float', perte possible de données
C:\Users\pl70jwz\Desktop\minecraft-clone\src\world\Chunk.cpp(41,32): warning C4838:  la conversion de 'double' en 'float' requiert une conversion restrictive
C:\Users\pl70jwz\Desktop\minecraft-clone\src\world\Chunk.cpp(41,32): warning C4244:  'initialisation' : conversion de 'double' en 'float', perte possible de données
C:\Users\pl70jwz\Desktop\minecraft-clone\src\world\Chunk.cpp(41,51): warning C4838:  la conversion de 'double' en 'float' requiert une conversion restrictive
C:\Users\pl70jwz\Desktop\minecraft-clone\src\world\Chunk.cpp(41,51): warning C4244:  'initialisation' : conversion de 'double' en 'float', perte possible de données
C:\Users\pl70jwz\Desktop\minecraft-clone\src\world\Chunk.cpp(42,14): warning C4838:  la conversion de 'double' en 'float' requiert une conversion restrictive
C:\Users\pl70jwz\Desktop\minecraft-clone\src\world\Chunk.cpp(42,14): warning C4244:  'initialisation' : conversion de 'double' en 'float', perte possible de données
C:\Users\pl70jwz\Desktop\minecraft-clone\src\world\Chunk.cpp(42,32): warning C4838:  la conversion de 'double' en 'float' requiert une conversion restrictive
C:\Users\pl70jwz\Desktop\minecraft-clone\src\world\Chunk.cpp(42,32): warning C4244:  'initialisation' : conversion de 'double' en 'float', perte possible de données
C:\Users\pl70jwz\Desktop\minecraft-clone\src\world\Chunk.cpp(42,51): warning C4838:  la conversion de 'double' en 'float' requiert une conversion restrictive
C:\Users\pl70jwz\Desktop\minecraft-clone\src\world\Chunk.cpp(42,51): warning C4244:  'initialisation' : conversion de 'double' en 'float', perte possible de données
C:\Users\pl70jwz\Desktop\minecraft-clone\src\world\Chunk.cpp(43,14): warning C4838:  la conversion de 'double' en 'float' requiert une conversion restrictive
C:\Users\pl70jwz\Desktop\minecraft-clone\src\world\Chunk.cpp(43,14): warning C4244:  'initialisation' : conversion de 'double' en 'float', perte possible de données
C:\Users\pl70jwz\Desktop\minecraft-clone\src\world\Chunk.cpp(43,32): warning C4838:  la conversion de 'double' en 'float' requiert une conversion restrictive
C:\Users\pl70jwz\Desktop\minecraft-clone\src\world\Chunk.cpp(43,32): warning C4244:  'initialisation' : conversion de 'double' en 'float', perte possible de données
C:\Users\pl70jwz\Desktop\minecraft-clone\src\world\Chunk.cpp(43,51): warning C4838:  la conversion de 'double' en 'float' requiert une conversion restrictive
C:\Users\pl70jwz\Desktop\minecraft-clone\src\world\Chunk.cpp(43,51): warning C4244:  'initialisation' : conversion de 'double' en 'float', perte possible de données
C:\Users\pl70jwz\Desktop\minecraft-clone\src\world\Chunk.cpp(44,14): warning C4838:  la conversion de 'double' en 'float' requiert une conversion restrictive
C:\Users\pl70jwz\Desktop\minecraft-clone\src\world\Chunk.cpp(44,14): warning C4244:  'initialisation' : conversion de 'double' en 'float', perte possible de données
C:\Users\pl70jwz\Desktop\minecraft-clone\src\world\Chunk.cpp(44,32): warning C4838:  la conversion de 'double' en 'float' requiert une conversion restrictive
C:\Users\pl70jwz\Desktop\minecraft-clone\src\world\Chunk.cpp(44,32): warning C4244:  'initialisation' : conversion de 'double' en 'float', perte possible de données
C:\Users\pl70jwz\Desktop\minecraft-clone\src\world\Chunk.cpp(44,51): warning C4838:  la conversion de 'double' en 'float' requiert une conversion restrictive
C:\Users\pl70jwz\Desktop\minecraft-clone\src\world\Chunk.cpp(44,51): warning C4244:  'initialisation' : conversion de 'double' en 'float', perte possible de données
C:\Users\pl70jwz\Desktop\minecraft-clone\src\world\Chunk.cpp(45,14): warning C4838:  la conversion de 'double' en 'float' requiert une conversion restrictive
C:\Users\pl70jwz\Desktop\minecraft-clone\src\world\Chunk.cpp(45,14): warning C4244:  'initialisation' : conversion de 'double' en 'float', perte possible de données
C:\Users\pl70jwz\Desktop\minecraft-clone\src\world\Chunk.cpp(45,32): warning C4838:  la conversion de 'double' en 'float' requiert une conversion restrictive
C:\Users\pl70jwz\Desktop\minecraft-clone\src\world\Chunk.cpp(45,32): warning C4244:  'initialisation' : conversion de 'double' en 'float', perte possible de données
C:\Users\pl70jwz\Desktop\minecraft-clone\src\world\Chunk.cpp(45,51): warning C4838:  la conversion de 'double' en 'float' requiert une conversion restrictive
C:\Users\pl70jwz\Desktop\minecraft-clone\src\world\Chunk.cpp(45,51): warning C4244:  'initialisation' : conversion de 'double' en 'float', perte possible de données
C:\Users\pl70jwz\Desktop\minecraft-clone\src\world\Chunk.cpp(48,14): warning C4838:  la conversion de 'double' en 'float' requiert une conversion restrictive
C:\Users\pl70jwz\Desktop\minecraft-clone\src\world\Chunk.cpp(48,14): warning C4244:  'initialisation' : conversion de 'double' en 'float', perte possible de données
C:\Users\pl70jwz\Desktop\minecraft-clone\src\world\Chunk.cpp(48,32): warning C4838:  la conversion de 'double' en 'float' requiert une conversion restrictive
C:\Users\pl70jwz\Desktop\minecraft-clone\src\world\Chunk.cpp(48,32): warning C4244:  'initialisation' : conversion de 'double' en 'float', perte possible de données
C:\Users\pl70jwz\Desktop\minecraft-clone\src\world\Chunk.cpp(48,50): warning C4838:  la conversion de 'double' en 'float' requiert une conversion restrictive
C:\Users\pl70jwz\Desktop\minecraft-clone\src\world\Chunk.cpp(48,50): warning C4244:  'initialisation' : conversion de 'double' en 'float', perte possible de données
C:\Users\pl70jwz\Desktop\minecraft-clone\src\world\Chunk.cpp(49,14): warning C4838:  la conversion de 'double' en 'float' requiert une conversion restrictive
C:\Users\pl70jwz\Desktop\minecraft-clone\src\world\Chunk.cpp(49,14): warning C4244:  'initialisation' : conversion de 'double' en 'float', perte possible de données
C:\Users\pl70jwz\Desktop\minecraft-clone\src\world\Chunk.cpp(49,32): warning C4838:  la conversion de 'double' en 'float' requiert une conversion restrictive
C:\Users\pl70jwz\Desktop\minecraft-clone\src\world\Chunk.cpp(49,32): warning C4244:  'initialisation' : conversion de 'double' en 'float', perte possible de données
C:\Users\pl70jwz\Desktop\minecraft-clone\src\world\Chunk.cpp(49,50): warning C4838:  la conversion de 'double' en 'float' requiert une conversion restrictive
C:\Users\pl70jwz\Desktop\minecraft-clone\src\world\Chunk.cpp(49,50): warning C4244:  'initialisation' : conversion de 'double' en 'float', perte possible de données
C:\Users\pl70jwz\Desktop\minecraft-clone\src\world\Chunk.cpp(50,14): warning C4838:  la conversion de 'double' en 'float' requiert une conversion restrictive
C:\Users\pl70jwz\Desktop\minecraft-clone\src\world\Chunk.cpp(50,14): warning C4244:  'initialisation' : conversion de 'double' en 'float', perte possible de données
C:\Users\pl70jwz\Desktop\minecraft-clone\src\world\Chunk.cpp(50,32): warning C4838:  la conversion de 'double' en 'float' requiert une conversion restrictive
C:\Users\pl70jwz\Desktop\minecraft-clone\src\world\Chunk.cpp(50,32): warning C4244:  'initialisation' : conversion de 'double' en 'float', perte possible de données
C:\Users\pl70jwz\Desktop\minecraft-clone\src\world\Chunk.cpp(50,50): warning C4838:  la conversion de 'double' en 'float' requiert une conversion restrictive
C:\Users\pl70jwz\Desktop\minecraft-clone\src\world\Chunk.cpp(50,50): warning C4244:  'initialisation' : conversion de 'double' en 'float', perte possible de données
C:\Users\pl70jwz\Desktop\minecraft-clone\src\world\Chunk.cpp(51,14): warning C4838:  la conversion de 'double' en 'float' requiert une conversion restrictive
C:\Users\pl70jwz\Desktop\minecraft-clone\src\world\Chunk.cpp(51,14): warning C4244:  'initialisation' : conversion de 'double' en 'float', perte possible de données
C:\Users\pl70jwz\Desktop\minecraft-clone\src\world\Chunk.cpp(51,32): warning C4838:  la conversion de 'double' en 'float' requiert une conversion restrictive
C:\Users\pl70jwz\Desktop\minecraft-clone\src\world\Chunk.cpp(51,32): warning C4244:  'initialisation' : conversion de 'double' en 'float', perte possible de données
C:\Users\pl70jwz\Desktop\minecraft-clone\src\world\Chunk.cpp(51,50): warning C4838:  la conversion de 'double' en 'float' requiert une conversion restrictive
C:\Users\pl70jwz\Desktop\minecraft-clone\src\world\Chunk.cpp(51,50): warning C4244:  'initialisation' : conversion de 'double' en 'float', perte possible de données
C:\Users\pl70jwz\Desktop\minecraft-clone\src\world\Chunk.cpp(52,14): warning C4838:  la conversion de 'double' en 'float' requiert une conversion restrictive
C:\Users\pl70jwz\Desktop\minecraft-clone\src\world\Chunk.cpp(52,14): warning C4244:  'initialisation' : conversion de 'double' en 'float', perte possible de données
C:\Users\pl70jwz\Desktop\minecraft-clone\src\world\Chunk.cpp(52,32): warning C4838:  la conversion de 'double' en 'float' requiert une conversion restrictive
C:\Users\pl70jwz\Desktop\minecraft-clone\src\world\Chunk.cpp(52,32): warning C4244:  'initialisation' : conversion de 'double' en 'float', perte possible de données
C:\Users\pl70jwz\Desktop\minecraft-clone\src\world\Chunk.cpp(52,50): warning C4838:  la conversion de 'double' en 'float' requiert une conversion restrictive
C:\Users\pl70jwz\Desktop\minecraft-clone\src\world\Chunk.cpp(52,50): warning C4244:  'initialisation' : conversion de 'double' en 'float', perte possible de données
C:\Users\pl70jwz\Desktop\minecraft-clone\src\world\Chunk.cpp(53,14): warning C4838:  la conversion de 'double' en 'float' requiert une conversion restrictive
C:\Users\pl70jwz\Desktop\minecraft-clone\src\world\Chunk.cpp(53,14): warning C4244:  'initialisation' : conversion de 'double' en 'float', perte possible de données
C:\Users\pl70jwz\Desktop\minecraft-clone\src\world\Chunk.cpp(53,32): warning C4838:  la conversion de 'double' en 'float' requiert une conversion restrictive
C:\Users\pl70jwz\Desktop\minecraft-clone\src\world\Chunk.cpp(53,32): warning C4244:  'initialisation' : conversion de 'double' en 'float', perte possible de données
C:\Users\pl70jwz\Desktop\minecraft-clone\src\world\Chunk.cpp(53,50): warning C4838:  la conversion de 'double' en 'float' requiert une conversion restrictive
C:\Users\pl70jwz\Desktop\minecraft-clone\src\world\Chunk.cpp(53,50): warning C4244:  'initialisation' : conversion de 'double' en 'float', perte possible de données
C:\Users\pl70jwz\Desktop\minecraft-clone\src\world\Chunk.cpp(56,14): warning C4838:  la conversion de 'double' en 'float' requiert une conversion restrictive
C:\Users\pl70jwz\Desktop\minecraft-clone\src\world\Chunk.cpp(56,14): warning C4244:  'initialisation' : conversion de 'double' en 'float', perte possible de données
C:\Users\pl70jwz\Desktop\minecraft-clone\src\world\Chunk.cpp(56,32): warning C4838:  la conversion de 'double' en 'float' requiert une conversion restrictive
C:\Users\pl70jwz\Desktop\minecraft-clone\src\world\Chunk.cpp(56,32): warning C4244:  'initialisation' : conversion de 'double' en 'float', perte possible de données
C:\Users\pl70jwz\Desktop\minecraft-clone\src\world\Chunk.cpp(56,50): warning C4838:  la conversion de 'double' en 'float' requiert une conversion restrictive
C:\Users\pl70jwz\Desktop\minecraft-clone\src\world\Chunk.cpp(56,50): warning C4244:  'initialisation' : conversion de 'double' en 'float', perte possible de données
C:\Users\pl70jwz\Desktop\minecraft-clone\src\world\Chunk.cpp(57,14): warning C4838:  la conversion de 'double' en 'float' requiert une conversion restrictive
C:\Users\pl70jwz\Desktop\minecraft-clone\src\world\Chunk.cpp(57,14): warning C4244:  'initialisation' : conversion de 'double' en 'float', perte possible de données
C:\Users\pl70jwz\Desktop\minecraft-clone\src\world\Chunk.cpp(57,32): warning C4838:  la conversion de 'double' en 'float' requiert une conversion restrictive
C:\Users\pl70jwz\Desktop\minecraft-clone\src\world\Chunk.cpp(57,32): warning C4244:  'initialisation' : conversion de 'double' en 'float', perte possible de données
C:\Users\pl70jwz\Desktop\minecraft-clone\src\world\Chunk.cpp(57,50): warning C4838:  la conversion de 'double' en 'float' requiert une conversion restrictive
C:\Users\pl70jwz\Desktop\minecraft-clone\src\world\Chunk.cpp(57,50): warning C4244:  'initialisation' : conversion de 'double' en 'float', perte possible de données
C:\Users\pl70jwz\Desktop\minecraft-clone\src\world\Chunk.cpp(58,14): warning C4838:  la conversion de 'double' en 'float' requiert une conversion restrictive
C:\Users\pl70jwz\Desktop\minecraft-clone\src\world\Chunk.cpp(58,14): warning C4244:  'initialisation' : conversion de 'double' en 'float', perte possible de données
C:\Users\pl70jwz\Desktop\minecraft-clone\src\world\Chunk.cpp(58,32): warning C4838:  la conversion de 'double' en 'float' requiert une conversion restrictive
C:\Users\pl70jwz\Desktop\minecraft-clone\src\world\Chunk.cpp(58,32): warning C4244:  'initialisation' : conversion de 'double' en 'float', perte possible de données
C:\Users\pl70jwz\Desktop\minecraft-clone\src\world\Chunk.cpp(58,50): warning C4838:  la conversion de 'double' en 'float' requiert une conversion restrictive
C:\Users\pl70jwz\Desktop\minecraft-clone\src\world\Chunk.cpp(58,50): warning C4244:  'initialisation' : conversion de 'double' en 'float', perte possible de données
C:\Users\pl70jwz\Desktop\minecraft-clone\src\world\Chunk.cpp(59,14): warning C4838:  la conversion de 'double' en 'float' requiert une conversion restrictive
C:\Users\pl70jwz\Desktop\minecraft-clone\src\world\Chunk.cpp(59,14): warning C4244:  'initialisation' : conversion de 'double' en 'float', perte possible de données
C:\Users\pl70jwz\Desktop\minecraft-clone\src\world\Chunk.cpp(59,32): warning C4838:  la conversion de 'double' en 'float' requiert une conversion restrictive
C:\Users\pl70jwz\Desktop\minecraft-clone\src\world\Chunk.cpp(59,32): warning C4244:  'initialisation' : conversion de 'double' en 'float', perte possible de données
C:\Users\pl70jwz\Desktop\minecraft-clone\src\world\Chunk.cpp(59,50): warning C4838:  la conversion de 'double' en 'float' requiert une conversion restrictive
C:\Users\pl70jwz\Desktop\minecraft-clone\src\world\Chunk.cpp(59,50): warning C4244:  'initialisation' : conversion de 'double' en 'float', perte possible de données
C:\Users\pl70jwz\Desktop\minecraft-clone\src\world\Chunk.cpp(60,14): warning C4838:  la conversion de 'double' en 'float' requiert une conversion restrictive
C:\Users\pl70jwz\Desktop\minecraft-clone\src\world\Chunk.cpp(60,14): warning C4244:  'initialisation' : conversion de 'double' en 'float', perte possible de données
C:\Users\pl70jwz\Desktop\minecraft-clone\src\world\Chunk.cpp(60,32): warning C4838:  la conversion de 'double' en 'float' requiert une conversion restrictive
C:\Users\pl70jwz\Desktop\minecraft-clone\src\world\Chunk.cpp(60,32): warning C4244:  'initialisation' : conversion de 'double' en 'float', perte possible de données
C:\Users\pl70jwz\Desktop\minecraft-clone\src\world\Chunk.cpp(60,50): warning C4838:  la conversion de 'double' en 'float' requiert une conversion restrictive
C:\Users\pl70jwz\Desktop\minecraft-clone\src\world\Chunk.cpp(60,50): warning C4244:  'initialisation' : conversion de 'double' en 'float', perte possible de données
C:\Users\pl70jwz\Desktop\minecraft-clone\src\world\Chunk.cpp(61,14): warning C4838:  la conversion de 'double' en 'float' requiert une conversion restrictive
C:\Users\pl70jwz\Desktop\minecraft-clone\src\world\Chunk.cpp(61,14): warning C4244:  'initialisation' : conversion de 'double' en 'float', perte possible de données
C:\Users\pl70jwz\Desktop\minecraft-clone\src\world\Chunk.cpp(61,32): warning C4838:  la conversion de 'double' en 'float' requiert une conversion restrictive
C:\Users\pl70jwz\Desktop\minecraft-clone\src\world\Chunk.cpp(61,32): warning C4244:  'initialisation' : conversion de 'double' en 'float', perte possible de données
C:\Users\pl70jwz\Desktop\minecraft-clone\src\world\Chunk.cpp(61,50): warning C4838:  la conversion de 'double' en 'float' requiert une conversion restrictive
C:\Users\pl70jwz\Desktop\minecraft-clone\src\world\Chunk.cpp(61,50): warning C4244:  'initialisation' : conversion de 'double' en 'float', perte possible de données
C:\Users\pl70jwz\Desktop\minecraft-clone\src\world\Chunk.cpp(64,14): warning C4838:  la conversion de 'double' en 'float' requiert une conversion restrictive
C:\Users\pl70jwz\Desktop\minecraft-clone\src\world\Chunk.cpp(64,14): warning C4244:  'initialisation' : conversion de 'double' en 'float', perte possible de données
C:\Users\pl70jwz\Desktop\minecraft-clone\src\world\Chunk.cpp(64,32): warning C4838:  la conversion de 'double' en 'float' requiert une conversion restrictive
C:\Users\pl70jwz\Desktop\minecraft-clone\src\world\Chunk.cpp(64,32): warning C4244:  'initialisation' : conversion de 'double' en 'float', perte possible de données
C:\Users\pl70jwz\Desktop\minecraft-clone\src\world\Chunk.cpp(64,50): warning C4838:  la conversion de 'double' en 'float' requiert une conversion restrictive
C:\Users\pl70jwz\Desktop\minecraft-clone\src\world\Chunk.cpp(64,50): warning C4244:  'initialisation' : conversion de 'double' en 'float', perte possible de données
C:\Users\pl70jwz\Desktop\minecraft-clone\src\world\Chunk.cpp(65,14): warning C4838:  la conversion de 'double' en 'float' requiert une conversion restrictive
C:\Users\pl70jwz\Desktop\minecraft-clone\src\world\Chunk.cpp(65,14): warning C4244:  'initialisation' : conversion de 'double' en 'float', perte possible de données
C:\Users\pl70jwz\Desktop\minecraft-clone\src\world\Chunk.cpp(65,32): warning C4838:  la conversion de 'double' en 'float' requiert une conversion restrictive
C:\Users\pl70jwz\Desktop\minecraft-clone\src\world\Chunk.cpp(65,32): warning C4244:  'initialisation' : conversion de 'double' en 'float', perte possible de données
C:\Users\pl70jwz\Desktop\minecraft-clone\src\world\Chunk.cpp(65,50): warning C4838:  la conversion de 'double' en 'float' requiert une conversion restrictive
C:\Users\pl70jwz\Desktop\minecraft-clone\src\world\Chunk.cpp(65,50): warning C4244:  'initialisation' : conversion de 'double' en 'float', perte possible de données
C:\Users\pl70jwz\Desktop\minecraft-clone\src\world\Chunk.cpp(66,14): warning C4838:  la conversion de 'double' en 'float' requiert une conversion restrictive
C:\Users\pl70jwz\Desktop\minecraft-clone\src\world\Chunk.cpp(66,14): warning C4244:  'initialisation' : conversion de 'double' en 'float', perte possible de données
C:\Users\pl70jwz\Desktop\minecraft-clone\src\world\Chunk.cpp(66,32): warning C4838:  la conversion de 'double' en 'float' requiert une conversion restrictive
C:\Users\pl70jwz\Desktop\minecraft-clone\src\world\Chunk.cpp(66,32): warning C4244:  'initialisation' : conversion de 'double' en 'float', perte possible de données
C:\Users\pl70jwz\Desktop\minecraft-clone\src\world\Chunk.cpp(66,50): warning C4838:  la conversion de 'double' en 'float' requiert une conversion restrictive
C:\Users\pl70jwz\Desktop\minecraft-clone\src\world\Chunk.cpp(66,50): warning C4244:  'initialisation' : conversion de 'double' en 'float', perte possible de données
C:\Users\pl70jwz\Desktop\minecraft-clone\src\world\Chunk.cpp(67,14): warning C4838:  la conversion de 'double' en 'float' requiert une conversion restrictive
C:\Users\pl70jwz\Desktop\minecraft-clone\src\world\Chunk.cpp(67,14): warning C4244:  'initialisation' : conversion de 'double' en 'float', perte possible de données
C:\Users\pl70jwz\Desktop\minecraft-clone\src\world\Chunk.cpp(67,32): warning C4838:  la conversion de 'double' en 'float' requiert une conversion restrictive
C:\Users\pl70jwz\Desktop\minecraft-clone\src\world\Chunk.cpp(67,32): warning C4244:  'initialisation' : conversion de 'double' en 'float', perte possible de données
C:\Users\pl70jwz\Desktop\minecraft-clone\src\world\Chunk.cpp(67,50): warning C4838:  la conversion de 'double' en 'float' requiert une conversion restrictive
C:\Users\pl70jwz\Desktop\minecraft-clone\src\world\Chunk.cpp(67,50): warning C4244:  'initialisation' : conversion de 'double' en 'float', perte possible de données
C:\Users\pl70jwz\Desktop\minecraft-clone\src\world\Chunk.cpp(68,14): warning C4838:  la conversion de 'double' en 'float' requiert une conversion restrictive
C:\Users\pl70jwz\Desktop\minecraft-clone\src\world\Chunk.cpp(68,14): warning C4244:  'initialisation' : conversion de 'double' en 'float', perte possible de données
C:\Users\pl70jwz\Desktop\minecraft-clone\src\world\Chunk.cpp(68,32): warning C4838:  la conversion de 'double' en 'float' requiert une conversion restrictive
C:\Users\pl70jwz\Desktop\minecraft-clone\src\world\Chunk.cpp(68,32): warning C4244:  'initialisation' : conversion de 'double' en 'float', perte possible de données
C:\Users\pl70jwz\Desktop\minecraft-clone\src\world\Chunk.cpp(68,50): warning C4838:  la conversion de 'double' en 'float' requiert une conversion restrictive
C:\Users\pl70jwz\Desktop\minecraft-clone\src\world\Chunk.cpp(68,50): warning C4244:  'initialisation' : conversion de 'double' en 'float', perte possible de données
C:\Users\pl70jwz\Desktop\minecraft-clone\src\world\Chunk.cpp(69,14): warning C4838:  la conversion de 'double' en 'float' requiert une conversion restrictive
C:\Users\pl70jwz\Desktop\minecraft-clone\src\world\Chunk.cpp(69,14): warning C4244:  'initialisation' : conversion de 'double' en 'float', perte possible de données
C:\Users\pl70jwz\Desktop\minecraft-clone\src\world\Chunk.cpp(69,32): warning C4838:  la conversion de 'double' en 'float' requiert une conversion restrictive
C:\Users\pl70jwz\Desktop\minecraft-clone\src\world\Chunk.cpp(69,32): warning C4244:  'initialisation' : conversion de 'double' en 'float', perte possible de données
C:\Users\pl70jwz\Desktop\minecraft-clone\src\world\Chunk.cpp(69,50): warning C4838:  la conversion de 'double' en 'float' requiert une conversion restrictive
C:\Users\pl70jwz\Desktop\minecraft-clone\src\world\Chunk.cpp(69,50): warning C4244:  'initialisation' : conversion de 'double' en 'float', perte possible de données
C:\Users\pl70jwz\Desktop\minecraft-clone\src\world\Chunk.cpp(72,14): warning C4838:  la conversion de 'double' en 'float' requiert une conversion restrictive
C:\Users\pl70jwz\Desktop\minecraft-clone\src\world\Chunk.cpp(72,14): warning C4244:  'initialisation' : conversion de 'double' en 'float', perte possible de données
C:\Users\pl70jwz\Desktop\minecraft-clone\src\world\Chunk.cpp(72,32): warning C4838:  la conversion de 'double' en 'float' requiert une conversion restrictive
C:\Users\pl70jwz\Desktop\minecraft-clone\src\world\Chunk.cpp(72,32): warning C4244:  'initialisation' : conversion de 'double' en 'float', perte possible de données
C:\Users\pl70jwz\Desktop\minecraft-clone\src\world\Chunk.cpp(72,50): warning C4838:  la conversion de 'double' en 'float' requiert une conversion restrictive
C:\Users\pl70jwz\Desktop\minecraft-clone\src\world\Chunk.cpp(72,50): warning C4244:  'initialisation' : conversion de 'double' en 'float', perte possible de données
C:\Users\pl70jwz\Desktop\minecraft-clone\src\world\Chunk.cpp(73,14): warning C4838:  la conversion de 'double' en 'float' requiert une conversion restrictive
C:\Users\pl70jwz\Desktop\minecraft-clone\src\world\Chunk.cpp(73,14): warning C4244:  'initialisation' : conversion de 'double' en 'float', perte possible de données
C:\Users\pl70jwz\Desktop\minecraft-clone\src\world\Chunk.cpp(73,32): warning C4838:  la conversion de 'double' en 'float' requiert une conversion restrictive
C:\Users\pl70jwz\Desktop\minecraft-clone\src\world\Chunk.cpp(73,32): warning C4244:  'initialisation' : conversion de 'double' en 'float', perte possible de données
C:\Users\pl70jwz\Desktop\minecraft-clone\src\world\Chunk.cpp(73,50): warning C4838:  la conversion de 'double' en 'float' requiert une conversion restrictive
C:\Users\pl70jwz\Desktop\minecraft-clone\src\world\Chunk.cpp(73,50): warning C4244:  'initialisation' : conversion de 'double' en 'float', perte possible de données
C:\Users\pl70jwz\Desktop\minecraft-clone\src\world\Chunk.cpp(74,14): warning C4838:  la conversion de 'double' en 'float' requiert une conversion restrictive
C:\Users\pl70jwz\Desktop\minecraft-clone\src\world\Chunk.cpp(74,14): warning C4244:  'initialisation' : conversion de 'double' en 'float', perte possible de données
C:\Users\pl70jwz\Desktop\minecraft-clone\src\world\Chunk.cpp(74,32): warning C4838:  la conversion de 'double' en 'float' requiert une conversion restrictive
C:\Users\pl70jwz\Desktop\minecraft-clone\src\world\Chunk.cpp(74,32): warning C4244:  'initialisation' : conversion de 'double' en 'float', perte possible de données
C:\Users\pl70jwz\Desktop\minecraft-clone\src\world\Chunk.cpp(74,50): warning C4838:  la conversion de 'double' en 'float' requiert une conversion restrictive
C:\Users\pl70jwz\Desktop\minecraft-clone\src\world\Chunk.cpp(74,50): warning C4244:  'initialisation' : conversion de 'double' en 'float', perte possible de données
C:\Users\pl70jwz\Desktop\minecraft-clone\src\world\Chunk.cpp(75,14): warning C4838:  la conversion de 'double' en 'float' requiert une conversion restrictive
C:\Users\pl70jwz\Desktop\minecraft-clone\src\world\Chunk.cpp(75,14): warning C4244:  'initialisation' : conversion de 'double' en 'float', perte possible de données
C:\Users\pl70jwz\Desktop\minecraft-clone\src\world\Chunk.cpp(75,32): warning C4838:  la conversion de 'double' en 'float' requiert une conversion restrictive
C:\Users\pl70jwz\Desktop\minecraft-clone\src\world\Chunk.cpp(75,32): warning C4244:  'initialisation' : conversion de 'double' en 'float', perte possible de données
C:\Users\pl70jwz\Desktop\minecraft-clone\src\world\Chunk.cpp(75,50): warning C4838:  la conversion de 'double' en 'float' requiert une conversion restrictive
C:\Users\pl70jwz\Desktop\minecraft-clone\src\world\Chunk.cpp(75,50): warning C4244:  'initialisation' : conversion de 'double' en 'float', perte possible de données
C:\Users\pl70jwz\Desktop\minecraft-clone\src\world\Chunk.cpp(76,14): warning C4838:  la conversion de 'double' en 'float' requiert une conversion restrictive
C:\Users\pl70jwz\Desktop\minecraft-clone\src\world\Chunk.cpp(76,14): warning C4244:  'initialisation' : conversion de 'double' en 'float', perte possible de données
C:\Users\pl70jwz\Desktop\minecraft-clone\src\world\Chunk.cpp(76,32): warning C4838:  la conversion de 'double' en 'float' requiert une conversion restrictive
C:\Users\pl70jwz\Desktop\minecraft-clone\src\world\Chunk.cpp(76,32): warning C4244:  'initialisation' : conversion de 'double' en 'float', perte possible de données
C:\Users\pl70jwz\Desktop\minecraft-clone\src\world\Chunk.cpp(76,50): warning C4838:  la conversion de 'double' en 'float' requiert une conversion restrictive
C:\Users\pl70jwz\Desktop\minecraft-clone\src\world\Chunk.cpp(76,50): warning C4244:  'initialisation' : conversion de 'double' en 'float', perte possible de données
C:\Users\pl70jwz\Desktop\minecraft-clone\src\world\Chunk.cpp(77,14): warning C4838:  la conversion de 'double' en 'float' requiert une conversion restrictive
C:\Users\pl70jwz\Desktop\minecraft-clone\src\world\Chunk.cpp(77,14): warning C4244:  'initialisation' : conversion de 'double' en 'float', perte possible de données
C:\Users\pl70jwz\Desktop\minecraft-clone\src\world\Chunk.cpp(77,32): warning C4838:  la conversion de 'double' en 'float' requiert une conversion restrictive
C:\Users\pl70jwz\Desktop\minecraft-clone\src\world\Chunk.cpp(77,32): warning C4244:  'initialisation' : conversion de 'double' en 'float', perte possible de données
C:\Users\pl70jwz\Desktop\minecraft-clone\src\world\Chunk.cpp(77,50): warning C4838:  la conversion de 'double' en 'float' requiert une conversion restrictive
C:\Users\pl70jwz\Desktop\minecraft-clone\src\world\Chunk.cpp(77,50): warning C4244:  'initialisation' : conversion de 'double' en 'float', perte possible de données
C:\Users\pl70jwz\Desktop\minecraft-clone\src\world\Chunk.cpp(80,14): warning C4838:  la conversion de 'double' en 'float' requiert une conversion restrictive
C:\Users\pl70jwz\Desktop\minecraft-clone\src\world\Chunk.cpp(80,14): warning C4244:  'initialisation' : conversion de 'double' en 'float', perte possible de données
C:\Users\pl70jwz\Desktop\minecraft-clone\src\world\Chunk.cpp(80,32): warning C4838:  la conversion de 'double' en 'float' requiert une conversion restrictive
C:\Users\pl70jwz\Desktop\minecraft-clone\src\world\Chunk.cpp(80,32): warning C4244:  'initialisation' : conversion de 'double' en 'float', perte possible de données
C:\Users\pl70jwz\Desktop\minecraft-clone\src\world\Chunk.cpp(80,50): warning C4838:  la conversion de 'double' en 'float' requiert une conversion restrictive
C:\Users\pl70jwz\Desktop\minecraft-clone\src\world\Chunk.cpp(80,50): warning C4244:  'initialisation' : conversion de 'double' en 'float', perte possible de données
C:\Users\pl70jwz\Desktop\minecraft-clone\src\world\Chunk.cpp(81,14): warning C4838:  la conversion de 'double' en 'float' requiert une conversion restrictive
C:\Users\pl70jwz\Desktop\minecraft-clone\src\world\Chunk.cpp(81,14): warning C4244:  'initialisation' : conversion de 'double' en 'float', perte possible de données
C:\Users\pl70jwz\Desktop\minecraft-clone\src\world\Chunk.cpp(81,32): warning C4838:  la conversion de 'double' en 'float' requiert une conversion restrictive
C:\Users\pl70jwz\Desktop\minecraft-clone\src\world\Chunk.cpp(81,32): warning C4244:  'initialisation' : conversion de 'double' en 'float', perte possible de données
C:\Users\pl70jwz\Desktop\minecraft-clone\src\world\Chunk.cpp(81,50): warning C4838:  la conversion de 'double' en 'float' requiert une conversion restrictive
C:\Users\pl70jwz\Desktop\minecraft-clone\src\world\Chunk.cpp(81,50): warning C4244:  'initialisation' : conversion de 'double' en 'float', perte possible de données
C:\Users\pl70jwz\Desktop\minecraft-clone\src\world\Chunk.cpp(82,14): warning C4838:  la conversion de 'double' en 'float' requiert une conversion restrictive
C:\Users\pl70jwz\Desktop\minecraft-clone\src\world\Chunk.cpp(82,14): warning C4244:  'initialisation' : conversion de 'double' en 'float', perte possible de données
C:\Users\pl70jwz\Desktop\minecraft-clone\src\world\Chunk.cpp(82,32): warning C4838:  la conversion de 'double' en 'float' requiert une conversion restrictive
C:\Users\pl70jwz\Desktop\minecraft-clone\src\world\Chunk.cpp(82,32): warning C4244:  'initialisation' : conversion de 'double' en 'float', perte possible de données
C:\Users\pl70jwz\Desktop\minecraft-clone\src\world\Chunk.cpp(82,50): warning C4838:  la conversion de 'double' en 'float' requiert une conversion restrictive
C:\Users\pl70jwz\Desktop\minecraft-clone\src\world\Chunk.cpp(82,50): warning C4244:  'initialisation' : conversion de 'double' en 'float', perte possible de données
C:\Users\pl70jwz\Desktop\minecraft-clone\src\world\Chunk.cpp(83,14): warning C4838:  la conversion de 'double' en 'float' requiert une conversion restrictive
C:\Users\pl70jwz\Desktop\minecraft-clone\src\world\Chunk.cpp(83,14): warning C4244:  'initialisation' : conversion de 'double' en 'float', perte possible de données
C:\Users\pl70jwz\Desktop\minecraft-clone\src\world\Chunk.cpp(83,32): warning C4838:  la conversion de 'double' en 'float' requiert une conversion restrictive
C:\Users\pl70jwz\Desktop\minecraft-clone\src\world\Chunk.cpp(83,32): warning C4244:  'initialisation' : conversion de 'double' en 'float', perte possible de données
C:\Users\pl70jwz\Desktop\minecraft-clone\src\world\Chunk.cpp(83,50): warning C4838:  la conversion de 'double' en 'float' requiert une conversion restrictive
C:\Users\pl70jwz\Desktop\minecraft-clone\src\world\Chunk.cpp(83,50): warning C4244:  'initialisation' : conversion de 'double' en 'float', perte possible de données
C:\Users\pl70jwz\Desktop\minecraft-clone\src\world\Chunk.cpp(84,14): warning C4838:  la conversion de 'double' en 'float' requiert une conversion restrictive
C:\Users\pl70jwz\Desktop\minecraft-clone\src\world\Chunk.cpp(84,14): warning C4244:  'initialisation' : conversion de 'double' en 'float', perte possible de données
C:\Users\pl70jwz\Desktop\minecraft-clone\src\world\Chunk.cpp(84,32): warning C4838:  la conversion de 'double' en 'float' requiert une conversion restrictive
C:\Users\pl70jwz\Desktop\minecraft-clone\src\world\Chunk.cpp(84,32): warning C4244:  'initialisation' : conversion de 'double' en 'float', perte possible de données
C:\Users\pl70jwz\Desktop\minecraft-clone\src\world\Chunk.cpp(84,50): warning C4838:  la conversion de 'double' en 'float' requiert une conversion restrictive
C:\Users\pl70jwz\Desktop\minecraft-clone\src\world\Chunk.cpp(84,50): warning C4244:  'initialisation' : conversion de 'double' en 'float', perte possible de données
C:\Users\pl70jwz\Desktop\minecraft-clone\src\world\Chunk.cpp(85,14): warning C4838:  la conversion de 'double' en 'float' requiert une conversion restrictive
C:\Users\pl70jwz\Desktop\minecraft-clone\src\world\Chunk.cpp(85,14): warning C4244:  'initialisation' : conversion de 'double' en 'float', perte possible de données
C:\Users\pl70jwz\Desktop\minecraft-clone\src\world\Chunk.cpp(85,32): warning C4838:  la conversion de 'double' en 'float' requiert une conversion restrictive
C:\Users\pl70jwz\Desktop\minecraft-clone\src\world\Chunk.cpp(85,32): warning C4244:  'initialisation' : conversion de 'double' en 'float', perte possible de données
C:\Users\pl70jwz\Desktop\minecraft-clone\src\world\Chunk.cpp(85,50): warning C4838:  la conversion de 'double' en 'float' requiert une conversion restrictive
C:\Users\pl70jwz\Desktop\minecraft-clone\src\world\Chunk.cpp(85,50): warning C4244:  'initialisation' : conversion de 'double' en 'float', perte possible de données
  minecraft-clone.vcxproj -> C:\Users\pl70jwz\Desktop\minecraft-clone\x64\Debug\minecraft-clone.exe
