  glad.c
  Main.cpp
  Shader.cpp
  stb_image.cpp
  Texture.cpp
  Génération de code en cours...
glfw3.lib(context.obj) : warning LNK4099: PDB '' n'a pu être trouvé avec 'glfw3.lib(context.obj)' ou sur '' ; l'objet sera lié sans informations de débogage
glfw3.lib(init.obj) : warning LNK4099: PDB 'glfw3.pdb' n'a pu être trouvé avec 'glfw3.lib(init.obj)' ou sur 'C:\Users\kndys\Desktop\minecraft-clone\poc\render-texture\x64\Debug\glfw3.pdb' ; l'objet sera lié sans informations de débogage
glfw3.lib(input.obj) : warning LNK4099: PDB 'glfw3.pdb' n'a pu être trouvé avec 'glfw3.lib(input.obj)' ou sur 'C:\Users\kndys\Desktop\minecraft-clone\poc\render-texture\x64\Debug\glfw3.pdb' ; l'objet sera lié sans informations de débogage
glfw3.lib(monitor.obj) : warning LNK4099: PDB 'glfw3.pdb' n'a pu être trouvé avec 'glfw3.lib(monitor.obj)' ou sur 'C:\Users\kndys\Desktop\minecraft-clone\poc\render-texture\x64\Debug\glfw3.pdb' ; l'objet sera lié sans informations de débogage
glfw3.lib(vulkan.obj) : warning LNK4099: PDB 'glfw3.pdb' n'a pu être trouvé avec 'glfw3.lib(vulkan.obj)' ou sur 'C:\Users\kndys\Desktop\minecraft-clone\poc\render-texture\x64\Debug\glfw3.pdb' ; l'objet sera lié sans informations de débogage
glfw3.lib(window.obj) : warning LNK4099: PDB 'glfw3.pdb' n'a pu être trouvé avec 'glfw3.lib(window.obj)' ou sur 'C:\Users\kndys\Desktop\minecraft-clone\poc\render-texture\x64\Debug\glfw3.pdb' ; l'objet sera lié sans informations de débogage
glfw3.lib(win32_init.obj) : warning LNK4099: PDB 'glfw3.pdb' n'a pu être trouvé avec 'glfw3.lib(win32_init.obj)' ou sur 'C:\Users\kndys\Desktop\minecraft-clone\poc\render-texture\x64\Debug\glfw3.pdb' ; l'objet sera lié sans informations de débogage
glfw3.lib(win32_joystick.obj) : warning LNK4099: PDB 'glfw3.pdb' n'a pu être trouvé avec 'glfw3.lib(win32_joystick.obj)' ou sur 'C:\Users\kndys\Desktop\minecraft-clone\poc\render-texture\x64\Debug\glfw3.pdb' ; l'objet sera lié sans informations de débogage
glfw3.lib(win32_monitor.obj) : warning LNK4099: PDB 'glfw3.pdb' n'a pu être trouvé avec 'glfw3.lib(win32_monitor.obj)' ou sur 'C:\Users\kndys\Desktop\minecraft-clone\poc\render-texture\x64\Debug\glfw3.pdb' ; l'objet sera lié sans informations de débogage
glfw3.lib(win32_time.obj) : warning LNK4099: PDB 'glfw3.pdb' n'a pu être trouvé avec 'glfw3.lib(win32_time.obj)' ou sur 'C:\Users\kndys\Desktop\minecraft-clone\poc\render-texture\x64\Debug\glfw3.pdb' ; l'objet sera lié sans informations de débogage
glfw3.lib(win32_thread.obj) : warning LNK4099: PDB 'glfw3.pdb' n'a pu être trouvé avec 'glfw3.lib(win32_thread.obj)' ou sur 'C:\Users\kndys\Desktop\minecraft-clone\poc\render-texture\x64\Debug\glfw3.pdb' ; l'objet sera lié sans informations de débogage
glfw3.lib(win32_window.obj) : warning LNK4099: PDB 'glfw3.pdb' n'a pu être trouvé avec 'glfw3.lib(win32_window.obj)' ou sur 'C:\Users\kndys\Desktop\minecraft-clone\poc\render-texture\x64\Debug\glfw3.pdb' ; l'objet sera lié sans informations de débogage
glfw3.lib(wgl_context.obj) : warning LNK4099: PDB 'glfw3.pdb' n'a pu être trouvé avec 'glfw3.lib(wgl_context.obj)' ou sur 'C:\Users\kndys\Desktop\minecraft-clone\poc\render-texture\x64\Debug\glfw3.pdb' ; l'objet sera lié sans informations de débogage
glfw3.lib(egl_context.obj) : warning LNK4099: PDB 'glfw3.pdb' n'a pu être trouvé avec 'glfw3.lib(egl_context.obj)' ou sur 'C:\Users\kndys\Desktop\minecraft-clone\poc\render-texture\x64\Debug\glfw3.pdb' ; l'objet sera lié sans informations de débogage
glfw3.lib(osmesa_context.obj) : warning LNK4099: PDB 'glfw3.pdb' n'a pu être trouvé avec 'glfw3.lib(osmesa_context.obj)' ou sur 'C:\Users\kndys\Desktop\minecraft-clone\poc\render-texture\x64\Debug\glfw3.pdb' ; l'objet sera lié sans informations de débogage
  render-texture.vcxproj -> C:\Users\kndys\Desktop\minecraft-clone\poc\render-texture\x64\Debug\render-texture.exe
